SF:lib\app\modules\coleta\domain\entity\coleta_entity.dart
DA:17,0
DA:28,0
DA:29,0
DA:39,0
DA:55,0
DA:64,1
DA:71,1
LF:7
LH:2
end_of_record
SF:lib\app\modules\coleta\domain\usecases\i_get_all_coletas.dart
DA:15,1
DA:17,1
DA:19,2
LF:3
LH:3
end_of_record
SF:lib\app\modules\auth\domain\entity\user_entity.dart
DA:15,0
DA:28,0
DA:29,0
DA:30,0
DA:31,0
DA:32,0
DA:33,0
DA:34,0
DA:35,0
DA:36,0
DA:37,0
DA:38,0
DA:39,0
LF:13
LH:0
end_of_record
SF:lib\app\modules\coletor\domain\entity\coletor_entity.dart
DA:12,0
DA:21,0
DA:22,0
DA:23,0
DA:24,0
DA:25,0
DA:26,0
DA:27,0
DA:28,0
LF:9
LH:0
end_of_record
SF:lib\app\modules\material\domain\entity\material_entity.dart
DA:13,0
DA:24,0
DA:25,0
DA:26,0
DA:27,0
DA:28,0
DA:29,0
DA:30,0
DA:31,0
DA:32,0
DA:33,0
LF:11
LH:0
end_of_record
